<?xml version="1.0" encoding="UTF-8"?>
<!-- Generated by org.testng.reporters.JUnitReportReporter -->
<testsuite hostname="Ravi-PC" name="org.ravikiran.selenium.DemoWorkShop.FirstJenkins" tests="1" failures="0" timestamp="22 Nov 2020 05:49:51 GMT" time="4.347" errors="0">
  <testcase name="verifyGooglePageTittle" time="4.347" classname="org.ravikiran.selenium.DemoWorkShop.FirstJenkins"/>
</testsuite> <!-- org.ravikiran.selenium.DemoWorkShop.FirstJenkins -->
