<?xml version="1.0" encoding="UTF-8"?>
<!-- Generated by org.testng.reporters.JUnitReportReporter -->
<testsuite skipped="0" hostname="DESKTOP-7FL32K7" name="com.scripts.DemoWorkShop.DemoWorkShopFunction" tests="1" failures="0" timestamp="24 Nov 2020 09:32:51 GMT" time="29.757" errors="0">
  <testcase name="endToEndScenario" time="29.757" classname="com.scripts.DemoWorkShop.DemoWorkShopFunction"/>
</testsuite> <!-- com.scripts.DemoWorkShop.DemoWorkShopFunction -->
